SF:lib/models/conference_speaker.dart
DA:8,2
DA:9,2
DA:10,2
DA:11,2
DA:14,1
DA:15,2
DA:16,2
DA:17,2
DA:18,2
end_of_record
SF:lib/models/conference_event.dart
DA:29,2
DA:30,2
DA:31,2
DA:32,2
DA:33,2
DA:34,2
DA:35,2
DA:36,2
DA:37,2
DA:38,4
DA:39,2
DA:41,2
DA:42,4
DA:43,4
DA:44,4
DA:45,4
DA:46,4
DA:47,4
DA:48,4
DA:49,4
DA:50,4
DA:51,4
DA:52,4
DA:54,4
DA:55,4
DA:56,4
DA:58,4
DA:59,4
DA:60,4
end_of_record
SF:lib/repository/conference_event_repository.dart
DA:10,0
DA:12,0
DA:14,2
DA:15,0
DA:16,0
DA:17,0
DA:18,0
DA:19,0
DA:22,2
DA:23,0
DA:24,0
DA:25,0
DA:26,0
DA:27,0
DA:28,0
DA:32,0
DA:33,0
DA:34,0
DA:37,0
DA:38,0
DA:40,0
DA:41,0
DA:42,0
DA:43,0
DA:44,0
DA:45,0
DA:46,0
DA:47,0
DA:48,0
DA:49,0
DA:50,0
DA:52,0
DA:53,0
DA:54,0
DA:55,0
DA:61,0
DA:62,0
DA:63,0
DA:64,0
DA:65,0
DA:67,0
DA:68,0
DA:74,0
DA:76,0
DA:77,0
DA:78,0
DA:79,0
DA:80,0
end_of_record
SF:lib/blocs/events_bloc.dart
DA:14,4
DA:15,4
DA:17,3
DA:19,1
DA:20,0
DA:21,4
DA:24,1
DA:27,1
DA:30,1
DA:33,1
DA:36,1
DA:40,1
DA:44,1
DA:48,1
DA:49,1
DA:50,3
DA:51,4
DA:52,1
DA:55,3
DA:58,0
DA:59,0
DA:62,1
DA:63,1
DA:64,1
DA:65,1
DA:66,4
DA:67,3
DA:71,1
DA:72,1
DA:73,1
DA:74,2
DA:75,1
DA:76,2
DA:77,3
DA:81,1
DA:82,2
DA:83,2
DA:84,2
DA:85,2
end_of_record
SF:lib/blocs/login_bloc.dart
DA:14,3
DA:15,3
DA:21,1
DA:22,0
DA:23,4
DA:24,3
DA:25,3
DA:26,3
DA:28,4
DA:29,3
DA:30,3
DA:31,3
DA:33,5
DA:35,5
DA:39,1
DA:40,2
DA:41,2
end_of_record
